c:\users\jhg\documents\noob-code\ua\year-2\ac\fase3\individual\vectoraddgpu\vectoraddgpu\x64\debug\vc143.pdb
c:\users\jhg\documents\noob-code\ua\year-2\ac\fase3\individual\vectoraddgpu\vectoraddgpu\x64\debug\vc143.idb
c:\users\jhg\documents\noob-code\ua\year-2\ac\fase3\individual\vectoraddgpu\vectoraddgpu\x64\debug\vecadd_gold.obj
c:\users\jhg\documents\noob-code\ua\year-2\ac\fase3\individual\vectoraddgpu\vectoraddgpu\x64\debug\vecadd.cu.obj
c:\users\jhg\documents\noob-code\ua\year-2\ac\fase3\individual\vectoraddgpu\x64\debug\vectoraddgpu.exe
c:\users\jhg\documents\noob-code\ua\year-2\ac\fase3\individual\vectoraddgpu\x64\debug\vectoraddgpu.pdb
c:\users\jhg\documents\noob-code\ua\year-2\ac\fase3\individual\vectoraddgpu\x64\debug\vectoraddgpu.lib
c:\users\jhg\documents\noob-code\ua\year-2\ac\fase3\individual\vectoraddgpu\x64\debug\vectoraddgpu.exp
c:\users\jhg\documents\noob-code\ua\year-2\ac\fase3\individual\vectoraddgpu\vectoraddgpu\x64\debug\vectoraddgpu.ilk
c:\users\jhg\documents\noob-code\ua\year-2\ac\fase3\individual\vectoraddgpu\vectoraddgpu\x64\debug\vecadd.cu.cache
c:\users\jhg\documents\noob-code\ua\year-2\ac\fase3\individual\vectoraddgpu\vectoraddgpu\x64\debug\vectoraddgpu.tlog\cl.command.1.tlog
c:\users\jhg\documents\noob-code\ua\year-2\ac\fase3\individual\vectoraddgpu\vectoraddgpu\x64\debug\vectoraddgpu.tlog\cl.items.tlog
c:\users\jhg\documents\noob-code\ua\year-2\ac\fase3\individual\vectoraddgpu\vectoraddgpu\x64\debug\vectoraddgpu.tlog\cl.read.1.tlog
c:\users\jhg\documents\noob-code\ua\year-2\ac\fase3\individual\vectoraddgpu\vectoraddgpu\x64\debug\vectoraddgpu.tlog\cl.write.1.tlog
c:\users\jhg\documents\noob-code\ua\year-2\ac\fase3\individual\vectoraddgpu\vectoraddgpu\x64\debug\vectoraddgpu.tlog\cudacompile.read.1u.tlog
c:\users\jhg\documents\noob-code\ua\year-2\ac\fase3\individual\vectoraddgpu\vectoraddgpu\x64\debug\vectoraddgpu.tlog\cudacompile.write.1u.tlog
c:\users\jhg\documents\noob-code\ua\year-2\ac\fase3\individual\vectoraddgpu\vectoraddgpu\x64\debug\vectoraddgpu.tlog\link.command.1.tlog
c:\users\jhg\documents\noob-code\ua\year-2\ac\fase3\individual\vectoraddgpu\vectoraddgpu\x64\debug\vectoraddgpu.tlog\link.read.1.tlog
c:\users\jhg\documents\noob-code\ua\year-2\ac\fase3\individual\vectoraddgpu\vectoraddgpu\x64\debug\vectoraddgpu.tlog\link.secondary.1.tlog
c:\users\jhg\documents\noob-code\ua\year-2\ac\fase3\individual\vectoraddgpu\vectoraddgpu\x64\debug\vectoraddgpu.tlog\link.write.1.tlog
